This is pdfTeX, Version 3.14159265-2.6-1.40.21 (TeX Live 2020) (preloaded format=pdflatex 2021.1.4)  4 JAN 2021 21:46
entering extended mode
 restricted \write18 enabled.
 %&-line parsing enabled.
**ReviewAnalysisAPA.tex
(./ReviewAnalysisAPA.tex
LaTeX2e <2020-10-01> patch level 3
L3 programming layer <2020-12-07> xparse <2020-03-03> (/Users/jannis/Library/Ti
nyTeX/texmf-dist/tex/latex/apa7/apa7.cls
Document Class: apa7 2020/12/05 v2.07 APA formatting (7th edition)
(/Users/jannis/Library/TinyTeX/texmf-dist/tex/latex/base/article.cls
Document Class: article 2020/04/10 v1.4m Standard LaTeX document class
(/Users/jannis/Library/TinyTeX/texmf-dist/tex/latex/base/size12.clo
File: size12.clo 2020/04/10 v1.4m Standard LaTeX file (size option)
)
\c@part=\count177
\c@section=\count178
\c@subsection=\count179
\c@subsubsection=\count180
\c@paragraph=\count181
\c@subparagraph=\count182
\c@figure=\count183
\c@table=\count184
\abovecaptionskip=\skip47
\belowcaptionskip=\skip48
\bibindent=\dimen138
) (/Users/jannis/Library/TinyTeX/texmf-dist/tex/latex/etoolbox/etoolbox.sty
Package: etoolbox 2020/10/05 v2.5k e-TeX tools for LaTeX (JAW)
\etb@tempcnta=\count185
)
Class apa7 Info: No bibliography package was specified; defaulting to (but not 
loading) Biblatex on input line 218.
(/Users/jannis/Library/TinyTeX/texmf-dist/tex/latex/lm/lmodern.sty
Package: lmodern 2009/10/30 v1.6 Latin Modern Fonts
LaTeX Font Info:    Overwriting symbol font `operators' in version `normal'
(Font)                  OT1/cmr/m/n --> OT1/lmr/m/n on input line 22.
LaTeX Font Info:    Overwriting symbol font `letters' in version `normal'
(Font)                  OML/cmm/m/it --> OML/lmm/m/it on input line 23.
LaTeX Font Info:    Overwriting symbol font `symbols' in version `normal'
(Font)                  OMS/cmsy/m/n --> OMS/lmsy/m/n on input line 24.
LaTeX Font Info:    Overwriting symbol font `largesymbols' in version `normal'
(Font)                  OMX/cmex/m/n --> OMX/lmex/m/n on input line 25.
LaTeX Font Info:    Overwriting symbol font `operators' in version `bold'
(Font)                  OT1/cmr/bx/n --> OT1/lmr/bx/n on input line 26.
LaTeX Font Info:    Overwriting symbol font `letters' in version `bold'
(Font)                  OML/cmm/b/it --> OML/lmm/b/it on input line 27.
LaTeX Font Info:    Overwriting symbol font `symbols' in version `bold'
(Font)                  OMS/cmsy/b/n --> OMS/lmsy/b/n on input line 28.
LaTeX Font Info:    Overwriting symbol font `largesymbols' in version `bold'
(Font)                  OMX/cmex/m/n --> OMX/lmex/m/n on input line 29.
LaTeX Font Info:    Overwriting math alphabet `\mathbf' in version `normal'
(Font)                  OT1/cmr/bx/n --> OT1/lmr/bx/n on input line 31.
LaTeX Font Info:    Overwriting math alphabet `\mathsf' in version `normal'
(Font)                  OT1/cmss/m/n --> OT1/lmss/m/n on input line 32.
LaTeX Font Info:    Overwriting math alphabet `\mathit' in version `normal'
(Font)                  OT1/cmr/m/it --> OT1/lmr/m/it on input line 33.
LaTeX Font Info:    Overwriting math alphabet `\mathtt' in version `normal'
(Font)                  OT1/cmtt/m/n --> OT1/lmtt/m/n on input line 34.
LaTeX Font Info:    Overwriting math alphabet `\mathbf' in version `bold'
(Font)                  OT1/cmr/bx/n --> OT1/lmr/bx/n on input line 35.
LaTeX Font Info:    Overwriting math alphabet `\mathsf' in version `bold'
(Font)                  OT1/cmss/bx/n --> OT1/lmss/bx/n on input line 36.
LaTeX Font Info:    Overwriting math alphabet `\mathit' in version `bold'
(Font)                  OT1/cmr/bx/it --> OT1/lmr/bx/it on input line 37.
LaTeX Font Info:    Overwriting math alphabet `\mathtt' in version `bold'
(Font)                  OT1/cmtt/m/n --> OT1/lmtt/m/n on input line 38.
) (/Users/jannis/Library/TinyTeX/texmf-dist/tex/latex/base/fontenc.sty
Package: fontenc 2020/08/10 v2.0s Standard LaTeX package
LaTeX Font Info:    Trying to load font information for T1+lmr on input line 11
2.
(/Users/jannis/Library/TinyTeX/texmf-dist/tex/latex/lm/t1lmr.fd
File: t1lmr.fd 2009/10/30 v1.6 Font defs for Latin Modern
)) (/Users/jannis/Library/TinyTeX/texmf-dist/tex/latex/geometry/geometry.sty
Package: geometry 2020/01/02 v5.9 Page Geometry
(/Users/jannis/Library/TinyTeX/texmf-dist/tex/latex/graphics/keyval.sty
Package: keyval 2014/10/28 v1.15 key=value parser (DPC)
\KV@toks@=\toks15
) (/Users/jannis/Library/TinyTeX/texmf-dist/tex/generic/iftex/ifvtex.sty
Package: ifvtex 2019/10/25 v1.7 ifvtex legacy package. Use iftex instead.
(/Users/jannis/Library/TinyTeX/texmf-dist/tex/generic/iftex/iftex.sty
Package: iftex 2020/03/06 v1.0d TeX engine tests
))
\Gm@cnth=\count186
\Gm@cntv=\count187
\c@Gm@tempcnt=\count188
\Gm@bindingoffset=\dimen139
\Gm@wd@mp=\dimen140
\Gm@odd@mp=\dimen141
\Gm@even@mp=\dimen142
\Gm@layoutwidth=\dimen143
\Gm@layoutheight=\dimen144
\Gm@layouthoffset=\dimen145
\Gm@layoutvoffset=\dimen146
\Gm@dimlist=\toks16
) (/Users/jannis/Library/TinyTeX/texmf-dist/tex/latex/graphics/graphicx.sty
Package: graphicx 2020/09/09 v1.2b Enhanced LaTeX Graphics (DPC,SPQR)
(/Users/jannis/Library/TinyTeX/texmf-dist/tex/latex/graphics/graphics.sty
Package: graphics 2020/08/30 v1.4c Standard LaTeX Graphics (DPC,SPQR)
(/Users/jannis/Library/TinyTeX/texmf-dist/tex/latex/graphics/trig.sty
Package: trig 2016/01/03 v1.10 sin cos tan (DPC)
) (/Users/jannis/Library/TinyTeX/texmf-dist/tex/latex/graphics-cfg/graphics.cfg
File: graphics.cfg 2016/06/04 v1.11 sample graphics configuration
)
Package graphics Info: Driver file: pdftex.def on input line 105.
(/Users/jannis/Library/TinyTeX/texmf-dist/tex/latex/graphics-def/pdftex.def
File: pdftex.def 2020/10/05 v1.2a Graphics/color driver for pdftex
))
\Gin@req@height=\dimen147
\Gin@req@width=\dimen148
) (/Users/jannis/Library/TinyTeX/texmf-dist/tex/latex/scalerel/scalerel.sty
Package: scalerel 2016/12/29 v1.8 Routines for constrained scaling and stretchi
ng of objects, relative to a reference object or in absolute terms
(/Users/jannis/Library/TinyTeX/texmf-dist/tex/latex/tools/calc.sty
Package: calc 2017/05/25 v4.3 Infix arithmetic (KKT,FJ)
\calc@Acount=\count189
\calc@Bcount=\count190
\calc@Adimen=\dimen149
\calc@Bdimen=\dimen150
\calc@Askip=\skip49
\calc@Bskip=\skip50
LaTeX Info: Redefining \setlength on input line 80.
LaTeX Info: Redefining \addtolength on input line 81.
\calc@Ccount=\count191
\calc@Cskip=\skip51
)
\thesrwidth=\skip52
\thesrheight=\skip53
\srblobheight=\skip54
\srblobdepth=\skip55
\mnxsrwidth=\skip56
\LMex=\skip57
\LMpt=\skip58
) (/Users/jannis/Library/TinyTeX/texmf-dist/tex/latex/pgf/frontendlayer/tikz.st
y (/Users/jannis/Library/TinyTeX/texmf-dist/tex/latex/pgf/basiclayer/pgf.sty (/
Users/jannis/Library/TinyTeX/texmf-dist/tex/latex/pgf/utilities/pgfrcs.sty
(/Users/jannis/Library/TinyTeX/texmf-dist/tex/generic/pgf/utilities/pgfutil-com
mon.tex
\pgfutil@everybye=\toks17
\pgfutil@tempdima=\dimen151
\pgfutil@tempdimb=\dimen152

(/Users/jannis/Library/TinyTeX/texmf-dist/tex/generic/pgf/utilities/pgfutil-com
mon-lists.tex))
(/Users/jannis/Library/TinyTeX/texmf-dist/tex/generic/pgf/utilities/pgfutil-lat
ex.def
\pgfutil@abb=\box47
)
(/Users/jannis/Library/TinyTeX/texmf-dist/tex/generic/pgf/utilities/pgfrcs.code
.tex (/Users/jannis/Library/TinyTeX/texmf-dist/tex/generic/pgf/pgf.revision.tex
)
Package: pgfrcs 2020/12/27 v3.1.8b (3.1.8b)
))
Package: pgf 2020/12/27 v3.1.8b (3.1.8b)
(/Users/jannis/Library/TinyTeX/texmf-dist/tex/latex/pgf/basiclayer/pgfcore.sty 
(/Users/jannis/Library/TinyTeX/texmf-dist/tex/latex/pgf/systemlayer/pgfsys.sty
(/Users/jannis/Library/TinyTeX/texmf-dist/tex/generic/pgf/systemlayer/pgfsys.co
de.tex
Package: pgfsys 2020/12/27 v3.1.8b (3.1.8b)

(/Users/jannis/Library/TinyTeX/texmf-dist/tex/generic/pgf/utilities/pgfkeys.cod
e.tex
\pgfkeys@pathtoks=\toks18
\pgfkeys@temptoks=\toks19

(/Users/jannis/Library/TinyTeX/texmf-dist/tex/generic/pgf/utilities/pgfkeysfilt
ered.code.tex
\pgfkeys@tmptoks=\toks20
))
\pgf@x=\dimen153
\pgf@y=\dimen154
\pgf@xa=\dimen155
\pgf@ya=\dimen156
\pgf@xb=\dimen157
\pgf@yb=\dimen158
\pgf@xc=\dimen159
\pgf@yc=\dimen160
\pgf@xd=\dimen161
\pgf@yd=\dimen162
\w@pgf@writea=\write3
\r@pgf@reada=\read2
\c@pgf@counta=\count192
\c@pgf@countb=\count193
\c@pgf@countc=\count194
\c@pgf@countd=\count195
\t@pgf@toka=\toks21
\t@pgf@tokb=\toks22
\t@pgf@tokc=\toks23
\pgf@sys@id@count=\count196
(/Users/jannis/Library/TinyTeX/texmf-dist/tex/generic/pgf/systemlayer/pgf.cfg
File: pgf.cfg 2020/12/27 v3.1.8b (3.1.8b)
)
Driver file for pgf: pgfsys-pdftex.def

(/Users/jannis/Library/TinyTeX/texmf-dist/tex/generic/pgf/systemlayer/pgfsys-pd
ftex.def
File: pgfsys-pdftex.def 2020/12/27 v3.1.8b (3.1.8b)

(/Users/jannis/Library/TinyTeX/texmf-dist/tex/generic/pgf/systemlayer/pgfsys-co
mmon-pdf.def
File: pgfsys-common-pdf.def 2020/12/27 v3.1.8b (3.1.8b)
)))
(/Users/jannis/Library/TinyTeX/texmf-dist/tex/generic/pgf/systemlayer/pgfsyssof
tpath.code.tex
File: pgfsyssoftpath.code.tex 2020/12/27 v3.1.8b (3.1.8b)
\pgfsyssoftpath@smallbuffer@items=\count197
\pgfsyssoftpath@bigbuffer@items=\count198
)
(/Users/jannis/Library/TinyTeX/texmf-dist/tex/generic/pgf/systemlayer/pgfsyspro
tocol.code.tex
File: pgfsysprotocol.code.tex 2020/12/27 v3.1.8b (3.1.8b)
)) (/Users/jannis/Library/TinyTeX/texmf-dist/tex/latex/xcolor/xcolor.sty
Package: xcolor 2016/05/11 v2.12 LaTeX color extensions (UK)
(/Users/jannis/Library/TinyTeX/texmf-dist/tex/latex/graphics-cfg/color.cfg
File: color.cfg 2016/01/02 v1.6 sample color configuration
)
Package xcolor Info: Driver file: pdftex.def on input line 225.
Package xcolor Info: Model `cmy' substituted by `cmy0' on input line 1348.
Package xcolor Info: Model `hsb' substituted by `rgb' on input line 1352.
Package xcolor Info: Model `RGB' extended on input line 1364.
Package xcolor Info: Model `HTML' substituted by `rgb' on input line 1366.
Package xcolor Info: Model `Hsb' substituted by `hsb' on input line 1367.
Package xcolor Info: Model `tHsb' substituted by `hsb' on input line 1368.
Package xcolor Info: Model `HSB' substituted by `hsb' on input line 1369.
Package xcolor Info: Model `Gray' substituted by `gray' on input line 1370.
Package xcolor Info: Model `wave' substituted by `hsb' on input line 1371.
)
(/Users/jannis/Library/TinyTeX/texmf-dist/tex/generic/pgf/basiclayer/pgfcore.co
de.tex
Package: pgfcore 2020/12/27 v3.1.8b (3.1.8b)

(/Users/jannis/Library/TinyTeX/texmf-dist/tex/generic/pgf/math/pgfmath.code.tex

(/Users/jannis/Library/TinyTeX/texmf-dist/tex/generic/pgf/math/pgfmathcalc.code
.tex
(/Users/jannis/Library/TinyTeX/texmf-dist/tex/generic/pgf/math/pgfmathutil.code
.tex)
(/Users/jannis/Library/TinyTeX/texmf-dist/tex/generic/pgf/math/pgfmathparser.co
de.tex
\pgfmath@dimen=\dimen163
\pgfmath@count=\count199
\pgfmath@box=\box48
\pgfmath@toks=\toks24
\pgfmath@stack@operand=\toks25
\pgfmath@stack@operation=\toks26
)
(/Users/jannis/Library/TinyTeX/texmf-dist/tex/generic/pgf/math/pgfmathfunctions
.code.tex
(/Users/jannis/Library/TinyTeX/texmf-dist/tex/generic/pgf/math/pgfmathfunctions
.basic.code.tex)
(/Users/jannis/Library/TinyTeX/texmf-dist/tex/generic/pgf/math/pgfmathfunctions
.trigonometric.code.tex)
(/Users/jannis/Library/TinyTeX/texmf-dist/tex/generic/pgf/math/pgfmathfunctions
.random.code.tex)
(/Users/jannis/Library/TinyTeX/texmf-dist/tex/generic/pgf/math/pgfmathfunctions
.comparison.code.tex)
(/Users/jannis/Library/TinyTeX/texmf-dist/tex/generic/pgf/math/pgfmathfunctions
.base.code.tex)
(/Users/jannis/Library/TinyTeX/texmf-dist/tex/generic/pgf/math/pgfmathfunctions
.round.code.tex)
(/Users/jannis/Library/TinyTeX/texmf-dist/tex/generic/pgf/math/pgfmathfunctions
.misc.code.tex)
(/Users/jannis/Library/TinyTeX/texmf-dist/tex/generic/pgf/math/pgfmathfunctions
.integerarithmetics.code.tex)))
(/Users/jannis/Library/TinyTeX/texmf-dist/tex/generic/pgf/math/pgfmathfloat.cod
e.tex
\c@pgfmathroundto@lastzeros=\count266
)) (/Users/jannis/Library/TinyTeX/texmf-dist/tex/generic/pgf/math/pgfint.code.t
ex)
(/Users/jannis/Library/TinyTeX/texmf-dist/tex/generic/pgf/basiclayer/pgfcorepoi
nts.code.tex
File: pgfcorepoints.code.tex 2020/12/27 v3.1.8b (3.1.8b)
\pgf@picminx=\dimen164
\pgf@picmaxx=\dimen165
\pgf@picminy=\dimen166
\pgf@picmaxy=\dimen167
\pgf@pathminx=\dimen168
\pgf@pathmaxx=\dimen169
\pgf@pathminy=\dimen170
\pgf@pathmaxy=\dimen171
\pgf@xx=\dimen172
\pgf@xy=\dimen173
\pgf@yx=\dimen174
\pgf@yy=\dimen175
\pgf@zx=\dimen176
\pgf@zy=\dimen177
)
(/Users/jannis/Library/TinyTeX/texmf-dist/tex/generic/pgf/basiclayer/pgfcorepat
hconstruct.code.tex
File: pgfcorepathconstruct.code.tex 2020/12/27 v3.1.8b (3.1.8b)
\pgf@path@lastx=\dimen178
\pgf@path@lasty=\dimen179
)
(/Users/jannis/Library/TinyTeX/texmf-dist/tex/generic/pgf/basiclayer/pgfcorepat
husage.code.tex
File: pgfcorepathusage.code.tex 2020/12/27 v3.1.8b (3.1.8b)
\pgf@shorten@end@additional=\dimen180
\pgf@shorten@start@additional=\dimen181
)
(/Users/jannis/Library/TinyTeX/texmf-dist/tex/generic/pgf/basiclayer/pgfcoresco
pes.code.tex
File: pgfcorescopes.code.tex 2020/12/27 v3.1.8b (3.1.8b)
\pgfpic=\box49
\pgf@hbox=\box50
\pgf@layerbox@main=\box51
\pgf@picture@serial@count=\count267
)
(/Users/jannis/Library/TinyTeX/texmf-dist/tex/generic/pgf/basiclayer/pgfcoregra
phicstate.code.tex
File: pgfcoregraphicstate.code.tex 2020/12/27 v3.1.8b (3.1.8b)
\pgflinewidth=\dimen182
)
(/Users/jannis/Library/TinyTeX/texmf-dist/tex/generic/pgf/basiclayer/pgfcoretra
nsformations.code.tex
File: pgfcoretransformations.code.tex 2020/12/27 v3.1.8b (3.1.8b)
\pgf@pt@x=\dimen183
\pgf@pt@y=\dimen184
\pgf@pt@temp=\dimen185
)
(/Users/jannis/Library/TinyTeX/texmf-dist/tex/generic/pgf/basiclayer/pgfcorequi
ck.code.tex
File: pgfcorequick.code.tex 2020/12/27 v3.1.8b (3.1.8b)
)
(/Users/jannis/Library/TinyTeX/texmf-dist/tex/generic/pgf/basiclayer/pgfcoreobj
ects.code.tex
File: pgfcoreobjects.code.tex 2020/12/27 v3.1.8b (3.1.8b)
)
(/Users/jannis/Library/TinyTeX/texmf-dist/tex/generic/pgf/basiclayer/pgfcorepat
hprocessing.code.tex
File: pgfcorepathprocessing.code.tex 2020/12/27 v3.1.8b (3.1.8b)
)
(/Users/jannis/Library/TinyTeX/texmf-dist/tex/generic/pgf/basiclayer/pgfcorearr
ows.code.tex
File: pgfcorearrows.code.tex 2020/12/27 v3.1.8b (3.1.8b)
\pgfarrowsep=\dimen186
)
(/Users/jannis/Library/TinyTeX/texmf-dist/tex/generic/pgf/basiclayer/pgfcoresha
de.code.tex
File: pgfcoreshade.code.tex 2020/12/27 v3.1.8b (3.1.8b)
\pgf@max=\dimen187
\pgf@sys@shading@range@num=\count268
\pgf@shadingcount=\count269
)
(/Users/jannis/Library/TinyTeX/texmf-dist/tex/generic/pgf/basiclayer/pgfcoreima
ge.code.tex
File: pgfcoreimage.code.tex 2020/12/27 v3.1.8b (3.1.8b)

(/Users/jannis/Library/TinyTeX/texmf-dist/tex/generic/pgf/basiclayer/pgfcoreext
ernal.code.tex
File: pgfcoreexternal.code.tex 2020/12/27 v3.1.8b (3.1.8b)
\pgfexternal@startupbox=\box52
))
(/Users/jannis/Library/TinyTeX/texmf-dist/tex/generic/pgf/basiclayer/pgfcorelay
ers.code.tex
File: pgfcorelayers.code.tex 2020/12/27 v3.1.8b (3.1.8b)
)
(/Users/jannis/Library/TinyTeX/texmf-dist/tex/generic/pgf/basiclayer/pgfcoretra
nsparency.code.tex
File: pgfcoretransparency.code.tex 2020/12/27 v3.1.8b (3.1.8b)
)
(/Users/jannis/Library/TinyTeX/texmf-dist/tex/generic/pgf/basiclayer/pgfcorepat
terns.code.tex
File: pgfcorepatterns.code.tex 2020/12/27 v3.1.8b (3.1.8b)
)
(/Users/jannis/Library/TinyTeX/texmf-dist/tex/generic/pgf/basiclayer/pgfcorerdf
.code.tex
File: pgfcorerdf.code.tex 2020/12/27 v3.1.8b (3.1.8b)
)))
(/Users/jannis/Library/TinyTeX/texmf-dist/tex/generic/pgf/modules/pgfmoduleshap
es.code.tex
File: pgfmoduleshapes.code.tex 2020/12/27 v3.1.8b (3.1.8b)
\pgfnodeparttextbox=\box53
)
(/Users/jannis/Library/TinyTeX/texmf-dist/tex/generic/pgf/modules/pgfmoduleplot
.code.tex
File: pgfmoduleplot.code.tex 2020/12/27 v3.1.8b (3.1.8b)
)
(/Users/jannis/Library/TinyTeX/texmf-dist/tex/latex/pgf/compatibility/pgfcomp-v
ersion-0-65.sty
Package: pgfcomp-version-0-65 2020/12/27 v3.1.8b (3.1.8b)
\pgf@nodesepstart=\dimen188
\pgf@nodesepend=\dimen189
)
(/Users/jannis/Library/TinyTeX/texmf-dist/tex/latex/pgf/compatibility/pgfcomp-v
ersion-1-18.sty
Package: pgfcomp-version-1-18 2020/12/27 v3.1.8b (3.1.8b)
)) (/Users/jannis/Library/TinyTeX/texmf-dist/tex/latex/pgf/utilities/pgffor.sty
(/Users/jannis/Library/TinyTeX/texmf-dist/tex/latex/pgf/utilities/pgfkeys.sty
(/Users/jannis/Library/TinyTeX/texmf-dist/tex/generic/pgf/utilities/pgfkeys.cod
e.tex)) (/Users/jannis/Library/TinyTeX/texmf-dist/tex/latex/pgf/math/pgfmath.st
y
(/Users/jannis/Library/TinyTeX/texmf-dist/tex/generic/pgf/math/pgfmath.code.tex
))
(/Users/jannis/Library/TinyTeX/texmf-dist/tex/generic/pgf/utilities/pgffor.code
.tex
Package: pgffor 2020/12/27 v3.1.8b (3.1.8b)

(/Users/jannis/Library/TinyTeX/texmf-dist/tex/generic/pgf/math/pgfmath.code.tex
)
\pgffor@iter=\dimen190
\pgffor@skip=\dimen191
\pgffor@stack=\toks27
\pgffor@toks=\toks28
))
(/Users/jannis/Library/TinyTeX/texmf-dist/tex/generic/pgf/frontendlayer/tikz/ti
kz.code.tex
Package: tikz 2020/12/27 v3.1.8b (3.1.8b)

(/Users/jannis/Library/TinyTeX/texmf-dist/tex/generic/pgf/libraries/pgflibraryp
lothandlers.code.tex
File: pgflibraryplothandlers.code.tex 2020/12/27 v3.1.8b (3.1.8b)
\pgf@plot@mark@count=\count270
\pgfplotmarksize=\dimen192
)
\tikz@lastx=\dimen193
\tikz@lasty=\dimen194
\tikz@lastxsaved=\dimen195
\tikz@lastysaved=\dimen196
\tikz@lastmovetox=\dimen197
\tikz@lastmovetoy=\dimen198
\tikzleveldistance=\dimen199
\tikzsiblingdistance=\dimen256
\tikz@figbox=\box54
\tikz@figbox@bg=\box55
\tikz@tempbox=\box56
\tikz@tempbox@bg=\box57
\tikztreelevel=\count271
\tikznumberofchildren=\count272
\tikznumberofcurrentchild=\count273
\tikz@fig@count=\count274

(/Users/jannis/Library/TinyTeX/texmf-dist/tex/generic/pgf/modules/pgfmodulematr
ix.code.tex
File: pgfmodulematrix.code.tex 2020/12/27 v3.1.8b (3.1.8b)
\pgfmatrixcurrentrow=\count275
\pgfmatrixcurrentcolumn=\count276
\pgf@matrix@numberofcolumns=\count277
)
\tikz@expandcount=\count278

(/Users/jannis/Library/TinyTeX/texmf-dist/tex/generic/pgf/frontendlayer/tikz/li
braries/tikzlibrarytopaths.code.tex
File: tikzlibrarytopaths.code.tex 2020/12/27 v3.1.8b (3.1.8b)
))) (/Users/jannis/Library/TinyTeX/texmf-dist/tex/latex/hyperref/hyperref.sty
Package: hyperref 2020-05-15 v7.00e Hypertext links for LaTeX
(/Users/jannis/Library/TinyTeX/texmf-dist/tex/generic/ltxcmds/ltxcmds.sty
Package: ltxcmds 2020-05-10 v1.25 LaTeX kernel commands for general use (HO)
)
(/Users/jannis/Library/TinyTeX/texmf-dist/tex/generic/pdftexcmds/pdftexcmds.sty
Package: pdftexcmds 2020-06-27 v0.33 Utility functions of pdfTeX for LuaTeX (HO
)
(/Users/jannis/Library/TinyTeX/texmf-dist/tex/generic/infwarerr/infwarerr.sty
Package: infwarerr 2019/12/03 v1.5 Providing info/warning/error messages (HO)
)
Package pdftexcmds Info: \pdf@primitive is available.
Package pdftexcmds Info: \pdf@ifprimitive is available.
Package pdftexcmds Info: \pdfdraftmode found.
) (/Users/jannis/Library/TinyTeX/texmf-dist/tex/generic/kvsetkeys/kvsetkeys.sty
Package: kvsetkeys 2019/12/15 v1.18 Key value parser (HO)
)
(/Users/jannis/Library/TinyTeX/texmf-dist/tex/generic/kvdefinekeys/kvdefinekeys
.sty
Package: kvdefinekeys 2019-12-19 v1.6 Define keys (HO)
) (/Users/jannis/Library/TinyTeX/texmf-dist/tex/generic/pdfescape/pdfescape.sty
Package: pdfescape 2019/12/09 v1.15 Implements pdfTeX's escape features (HO)
) (/Users/jannis/Library/TinyTeX/texmf-dist/tex/latex/hycolor/hycolor.sty
Package: hycolor 2020-01-27 v1.10 Color options for hyperref/bookmark (HO)
)
(/Users/jannis/Library/TinyTeX/texmf-dist/tex/latex/letltxmacro/letltxmacro.sty
Package: letltxmacro 2019/12/03 v1.6 Let assignment for LaTeX macros (HO)
) (/Users/jannis/Library/TinyTeX/texmf-dist/tex/latex/auxhook/auxhook.sty
Package: auxhook 2019-12-17 v1.6 Hooks for auxiliary files (HO)
) (/Users/jannis/Library/TinyTeX/texmf-dist/tex/latex/kvoptions/kvoptions.sty
Package: kvoptions 2020-10-07 v3.14 Key value format for package options (HO)
)
\@linkdim=\dimen257
\Hy@linkcounter=\count279
\Hy@pagecounter=\count280
(/Users/jannis/Library/TinyTeX/texmf-dist/tex/latex/hyperref/pd1enc.def
File: pd1enc.def 2020-05-15 v7.00e Hyperref: PDFDocEncoding definition (HO)
Now handling font encoding PD1 ...
... no UTF-8 mapping file for font encoding PD1
) (/Users/jannis/Library/TinyTeX/texmf-dist/tex/generic/intcalc/intcalc.sty
Package: intcalc 2019/12/15 v1.3 Expandable calculations with integers (HO)
) (/Users/jannis/Library/TinyTeX/texmf-dist/tex/generic/etexcmds/etexcmds.sty
Package: etexcmds 2019/12/15 v1.7 Avoid name clashes with e-TeX commands (HO)
)
\Hy@SavedSpaceFactor=\count281
Package hyperref Info: Option `unicode' set `true' on input line 4338.
(/Users/jannis/Library/TinyTeX/texmf-dist/tex/latex/hyperref/puenc.def
File: puenc.def 2020-05-15 v7.00e Hyperref: PDF Unicode definition (HO)
Now handling font encoding PU ...
... no UTF-8 mapping file for font encoding PU
)
Package hyperref Info: Hyper figures OFF on input line 4464.
Package hyperref Info: Link nesting OFF on input line 4469.
Package hyperref Info: Hyper index ON on input line 4472.
Package hyperref Info: Plain pages OFF on input line 4479.
Package hyperref Info: Backreferencing OFF on input line 4484.
Package hyperref Info: Implicit mode ON; LaTeX internals redefined.
Package hyperref Info: Bookmarks ON on input line 4717.
\c@Hy@tempcnt=\count282
(/Users/jannis/Library/TinyTeX/texmf-dist/tex/latex/url/url.sty
\Urlmuskip=\muskip16
Package: url 2013/09/16  ver 3.4  Verb mode for urls, etc.
)
LaTeX Info: Redefining \url on input line 5076.
\XeTeXLinkMargin=\dimen258
(/Users/jannis/Library/TinyTeX/texmf-dist/tex/generic/bitset/bitset.sty
Package: bitset 2019/12/09 v1.3 Handle bit-vector datatype (HO)

(/Users/jannis/Library/TinyTeX/texmf-dist/tex/generic/bigintcalc/bigintcalc.sty
Package: bigintcalc 2019/12/15 v1.5 Expandable calculations on big integers (HO
)
))
\Fld@menulength=\count283
\Field@Width=\dimen259
\Fld@charsize=\dimen260
Package hyperref Info: Hyper figures OFF on input line 6347.
Package hyperref Info: Link nesting OFF on input line 6352.
Package hyperref Info: Hyper index ON on input line 6355.
Package hyperref Info: backreferencing OFF on input line 6362.
Package hyperref Info: Link coloring OFF on input line 6367.
Package hyperref Info: Link coloring with OCG OFF on input line 6372.
Package hyperref Info: PDF/A mode OFF on input line 6377.
LaTeX Info: Redefining \ref on input line 6417.
LaTeX Info: Redefining \pageref on input line 6421.
(/Users/jannis/Library/TinyTeX/texmf-dist/tex/latex/base/atbegshi-ltx.sty
Package: atbegshi-ltx 2020/08/17 v1.0a Emulation of the original atbegshi packa
ge
with kernel methods
)
\Hy@abspage=\count284
\c@Item=\count285
\c@Hfootnote=\count286
)
Package hyperref Info: Driver (autodetected): hpdftex.
(/Users/jannis/Library/TinyTeX/texmf-dist/tex/latex/hyperref/hpdftex.def
File: hpdftex.def 2020-05-15 v7.00e Hyperref driver for pdfTeX
(/Users/jannis/Library/TinyTeX/texmf-dist/tex/latex/base/atveryend-ltx.sty
Package: atveryend-ltx 2020/08/19 v1.0a Emulation of the original atvery packag
e
with kernel methods
)
\Fld@listcount=\count287
\c@bookmark@seq@number=\count288

(/Users/jannis/Library/TinyTeX/texmf-dist/tex/latex/rerunfilecheck/rerunfileche
ck.sty
Package: rerunfilecheck 2019/12/05 v1.9 Rerun checks for auxiliary files (HO)

(/Users/jannis/Library/TinyTeX/texmf-dist/tex/generic/uniquecounter/uniquecount
er.sty
Package: uniquecounter 2019/12/15 v1.4 Provide unlimited unique counter (HO)
)
Package uniquecounter Info: New unique counter `rerunfilecheck' on input line 2
86.
)
\Hy@SectionHShift=\skip59
)
(/Users/jannis/Library/TinyTeX/texmf-dist/tex/generic/pgf/frontendlayer/tikz/li
braries/tikzlibrarysvg.path.code.tex
File: tikzlibrarysvg.path.code.tex 2020/12/27 v3.1.8b (3.1.8b)

(/Users/jannis/Library/TinyTeX/texmf-dist/tex/generic/pgf/libraries/pgflibrarys
vg.path.code.tex
File: pgflibrarysvg.path.code.tex 2020/12/27 v3.1.8b (3.1.8b)

(/Users/jannis/Library/TinyTeX/texmf-dist/tex/generic/pgf/modules/pgfmodulepars
er.code.tex
File: pgfmoduleparser.code.tex 2020/12/27 v3.1.8b (3.1.8b)
\pgfparserdef@arg@count=\count289
)
\pgf@lib@svg@last@x=\dimen261
\pgf@lib@svg@last@y=\dimen262
\pgf@lib@svg@last@c@x=\dimen263
\pgf@lib@svg@last@c@y=\dimen264
\pgf@lib@svg@count=\count290
\pgf@lib@svg@max@num=\count291
)) (/Users/jannis/Library/TinyTeX/texmf-dist/tex/latex/booktabs/booktabs.sty
Package: booktabs 2020/01/12 v1.61803398 Publication quality tables
\heavyrulewidth=\dimen265
\lightrulewidth=\dimen266
\cmidrulewidth=\dimen267
\belowrulesep=\dimen268
\belowbottomsep=\dimen269
\aboverulesep=\dimen270
\abovetopsep=\dimen271
\cmidrulesep=\dimen272
\cmidrulekern=\dimen273
\defaultaddspace=\dimen274
\@cmidla=\count292
\@cmidlb=\count293
\@aboverulesep=\dimen275
\@belowrulesep=\dimen276
\@thisruleclass=\count294
\@lastruleclass=\count295
\@thisrulewidth=\dimen277
)
(/Users/jannis/Library/TinyTeX/texmf-dist/tex/latex/threeparttable/threeparttab
le.sty
Package: threeparttable 2003/06/13  v 3.0
\@tempboxb=\box58
)
\b@level@one@skip=\skip60
\e@level@one@skip=\skip61
\b@level@two@skip=\skip62
\e@level@two@skip=\skip63
\b@level@three@skip=\skip64
\e@level@three@skip=\skip65
\b@level@four@skip=\skip66
\e@level@four@skip=\skip67
\b@level@five@skip=\skip68
\e@level@five@skip=\skip69
(/Users/jannis/Library/TinyTeX/texmf-dist/tex/latex/caption/caption.sty
Package: caption 2020/10/26 v3.5g Customizing captions (AR)
(/Users/jannis/Library/TinyTeX/texmf-dist/tex/latex/caption/caption3.sty
Package: caption3 2020/10/21 v2.2e caption3 kernel (AR)
\captionmargin=\dimen278
\captionmargin@=\dimen279
\captionwidth=\dimen280
\caption@tempdima=\dimen281
\caption@indent=\dimen282
\caption@parindent=\dimen283
\caption@hangindent=\dimen284
Package caption Info: Standard document class detected.
)
\c@caption@flags=\count296
\c@continuedfloat=\count297
Package caption Info: hyperref package is loaded.
Package caption Info: threeparttable package is loaded.
)
\c@APAenum=\count298
\@text@par@indent=\skip70
\gr@box=\box59
\gr@boxwidth=\skip71
\gr@boxheight=\skip72
(/Users/jannis/Library/TinyTeX/texmf-dist/tex/latex/tools/bm.sty
Package: bm 2019/07/24 v1.2d Bold Symbol Support (DPC/FMi)
\symboldoperators=\mathgroup4
\symboldletters=\mathgroup5
\symboldsymbols=\mathgroup6
LaTeX Font Info:    Redeclaring math alphabet \mathbf on input line 141.
LaTeX Info: Redefining \bm on input line 209.
)
\c@appendix=\count299
(/Users/jannis/Library/TinyTeX/texmf-dist/tex/latex/fancyhdr/fancyhdr.sty
Package: fancyhdr 2019/01/31 v3.10 Extensive control of page headers and footer
s
\f@nch@headwidth=\skip73
\f@nch@O@elh=\skip74
\f@nch@O@erh=\skip75
\f@nch@O@olh=\skip76
\f@nch@O@orh=\skip77
\f@nch@O@elf=\skip78
\f@nch@O@erf=\skip79
\f@nch@O@olf=\skip80
\f@nch@O@orf=\skip81
) (/Users/jannis/Library/TinyTeX/texmf-dist/tex/latex/endfloat/endfloat.sty
Package: endfloat 2019/04/15 v2.7 LaTeX2e package puts figures and tables at en
d (jdm)
\c@posttable=\count300
\efloat@postttt=\write4
\@ef@tttopen=\count301
\c@postfigure=\count302
\efloat@postfff=\write5
\@ef@fffopen=\count303
)) (/Users/jannis/Library/TinyTeX/texmf-dist/tex/latex/amsmath/amsmath.sty
Package: amsmath 2020/09/23 v2.17i AMS math features
\@mathmargin=\skip82
For additional information on amsmath, use the `?' option.
(/Users/jannis/Library/TinyTeX/texmf-dist/tex/latex/amsmath/amstext.sty
Package: amstext 2000/06/29 v2.01 AMS text
(/Users/jannis/Library/TinyTeX/texmf-dist/tex/latex/amsmath/amsgen.sty
File: amsgen.sty 1999/11/30 v2.0 generic functions
\@emptytoks=\toks29
\ex@=\dimen285
)) (/Users/jannis/Library/TinyTeX/texmf-dist/tex/latex/amsmath/amsbsy.sty
Package: amsbsy 1999/11/29 v1.2d Bold Symbols
LaTeX Info: Redefining \boldsymbol on input line 28.
\pmbraise@=\dimen286
) (/Users/jannis/Library/TinyTeX/texmf-dist/tex/latex/amsmath/amsopn.sty
Package: amsopn 2016/03/08 v2.02 operator names
)
\inf@bad=\count304
LaTeX Info: Redefining \frac on input line 234.
\uproot@=\count305
\leftroot@=\count306
LaTeX Info: Redefining \overline on input line 399.
\classnum@=\count307
\DOTSCASE@=\count308
LaTeX Info: Redefining \ldots on input line 496.
LaTeX Info: Redefining \dots on input line 499.
LaTeX Info: Redefining \cdots on input line 620.
\Mathstrutbox@=\box60
\strutbox@=\box61
\big@size=\dimen287
LaTeX Font Info:    Redeclaring font encoding OML on input line 743.
LaTeX Font Info:    Redeclaring font encoding OMS on input line 744.
\macc@depth=\count309
\c@MaxMatrixCols=\count310
\dotsspace@=\muskip17
\c@parentequation=\count311
\dspbrk@lvl=\count312
\tag@help=\toks30
\row@=\count313
\column@=\count314
\maxfields@=\count315
\andhelp@=\toks31
\eqnshift@=\dimen288
\alignsep@=\dimen289
\tagshift@=\dimen290
\tagwidth@=\dimen291
\totwidth@=\dimen292
\lineht@=\dimen293
\@envbody=\toks32
\multlinegap=\skip83
\multlinetaggap=\skip84
\mathdisplay@stack=\toks33
LaTeX Info: Redefining \[ on input line 2923.
LaTeX Info: Redefining \] on input line 2924.
) (/Users/jannis/Library/TinyTeX/texmf-dist/tex/latex/amsfonts/amssymb.sty
Package: amssymb 2013/01/14 v3.01 AMS font symbols
(/Users/jannis/Library/TinyTeX/texmf-dist/tex/latex/amsfonts/amsfonts.sty
Package: amsfonts 2013/01/14 v3.01 Basic AMSFonts support
\symAMSa=\mathgroup7
\symAMSb=\mathgroup8
LaTeX Font Info:    Redeclaring math symbol \hbar on input line 98.
LaTeX Font Info:    Overwriting math alphabet `\mathfrak' in version `bold'
(Font)                  U/euf/m/n --> U/euf/b/n on input line 106.
)) (/Users/jannis/Library/TinyTeX/texmf-dist/tex/generic/iftex/ifxetex.sty
Package: ifxetex 2019/10/25 v0.7 ifxetex legacy package. Use iftex instead.
) (/Users/jannis/Library/TinyTeX/texmf-dist/tex/generic/iftex/ifluatex.sty
Package: ifluatex 2019/10/25 v1.5 ifluatex legacy package. Use iftex instead.
) (/Users/jannis/Library/TinyTeX/texmf-dist/tex/latex/base/fontenc.sty
Package: fontenc 2020/08/10 v2.0s Standard LaTeX package
) (/Users/jannis/Library/TinyTeX/texmf-dist/tex/latex/base/inputenc.sty
Package: inputenc 2020/08/01 v1.3d Input encoding file
\inpenc@prehook=\toks34
\inpenc@posthook=\toks35
) (/Users/jannis/Library/TinyTeX/texmf-dist/tex/latex/base/textcomp.sty
Package: textcomp 2020/02/02 v2.0n Standard LaTeX package
) (/Users/jannis/Library/TinyTeX/texmf-dist/tex/latex/upquote/upquote.sty
Package: upquote 2012/04/19 v1.3 upright-quote and grave-accent glyphs in verba
tim
) (/Users/jannis/Library/TinyTeX/texmf-dist/tex/latex/tools/longtable.sty
Package: longtable 2020/01/07 v4.13 Multi-page Table package (DPC)
\LTleft=\skip85
\LTright=\skip86
\LTpre=\skip87
\LTpost=\skip88
\LTchunksize=\count316
\LTcapwidth=\dimen294
\LT@head=\box62
\LT@firsthead=\box63
\LT@foot=\box64
\LT@lastfoot=\box65
\LT@cols=\count317
\LT@rows=\count318
\c@LT@tables=\count319
\c@LT@chunks=\count320
\LT@p@ftn=\toks36
) (/Users/jannis/Library/TinyTeX/texmf-dist/tex/latex/tools/array.sty
Package: array 2020/10/01 v2.5c Tabular extension package (FMi)
\col@sep=\dimen295
\ar@mcellbox=\box66
\extrarowheight=\dimen296
\NC@list=\toks37
\extratabsurround=\skip89
\backup@length=\skip90
\ar@cellbox=\box67
) (/Users/jannis/Library/TinyTeX/texmf-dist/tex/latex/mdwtools/footnote.sty
Package: footnote 1997/01/28 1.13 Save footnotes around boxes
\fn@notes=\box68
\fn@width=\dimen297
) (/Users/jannis/Library/TinyTeX/texmf-dist/tex/latex/was/upgreek.sty
Package: upgreek 2003/02/12 v2.0 (WaS)
Package upgreek Info: Using Euler Roman for upright Greek on input line 31.
\symugrf@m=\mathgroup9
LaTeX Font Info:    Overwriting symbol font `ugrf@m' in version `bold'
(Font)                  U/eur/m/n --> U/eur/b/n on input line 38.
) (/Users/jannis/Library/TinyTeX/texmf-dist/tex/latex/graphics/lscape.sty
Package: lscape 2020/05/28 v3.02 Landscape Pages (DPC)
) (/Users/jannis/Library/TinyTeX/texmf-dist/tex/latex/multirow/multirow.sty
Package: multirow 2021/01/02 v2.6 Span multiple rows of a table
\multirow@colwidth=\skip91
\multirow@cntb=\count321
\multirow@dima=\skip92
\bigstrutjot=\dimen298
) (/Users/jannis/Library/TinyTeX/texmf-dist/tex/latex/tools/tabularx.sty
Package: tabularx 2020/01/15 v2.11c `tabularx' package (DPC)
\TX@col@width=\dimen299
\TX@old@table=\dimen300
\TX@old@col=\dimen301
\TX@target=\dimen302
\TX@delta=\dimen303
\TX@cols=\count322
\TX@ftn=\toks38
)
(/Users/jannis/Library/TinyTeX/texmf-dist/tex/latex/threeparttablex/threepartta
blex.sty
Package: threeparttablex 2013/07/23 v0.3 by daleif
(/Users/jannis/Library/TinyTeX/texmf-dist/tex/latex/environ/environ.sty
Package: environ 2014/05/04 v0.3 A new way to define environments
(/Users/jannis/Library/TinyTeX/texmf-dist/tex/latex/trimspaces/trimspaces.sty
Package: trimspaces 2009/09/17 v1.1 Trim spaces around a token list
))
\TPTL@width=\skip93
)
\longtablewidth=\skip94
Failed to patch abstract.
Failed to patch title.
(/Users/jannis/Library/TinyTeX/texmf-dist/tex/latex/csquotes/csquotes.sty
Package: csquotes 2019-12-06 v5.2j context-sensitive quotations (JAW)
\csq@reset=\count323
\csq@gtype=\count324
\csq@glevel=\count325
\csq@qlevel=\count326
\csq@maxlvl=\count327
\csq@tshold=\count328
\csq@ltx@everypar=\toks39
(/Users/jannis/Library/TinyTeX/texmf-dist/tex/latex/csquotes/csquotes.def
File: csquotes.def 2019-12-06 v5.2j csquotes generic definitions (JAW)
)
Package csquotes Info: Trying to load configuration file 'csquotes.cfg'...
Package csquotes Info: ... configuration file loaded successfully.
(/Users/jannis/Library/TinyTeX/texmf-dist/tex/latex/csquotes/csquotes.cfg
File: csquotes.cfg 
)) (/Users/jannis/Library/TinyTeX/texmf-dist/tex/generic/babel/babel.sty
Package: babel 2020/12/16 3.52 The Babel package
(/Users/jannis/Library/TinyTeX/texmf-dist/tex/generic/babel/babel.def
File: babel.def 2020/12/16 3.52 Babel common definitions
\babel@savecnt=\count329
\U@D=\dimen304
\l@babelnohyphens=\language5
(/Users/jannis/Library/TinyTeX/texmf-dist/tex/generic/babel/txtbabel.def)
\bbl@readstream=\read3
)
\bbl@dirlevel=\count330

(/Users/jannis/Library/TinyTeX/texmf-dist/tex/generic/babel-english/american.ld
f
Language: american 2017/06/06 v3.3r English support from the babel system

(/Users/jannis/Library/TinyTeX/texmf-dist/tex/generic/babel-english/english.ldf
Language: english 2017/06/06 v3.3r English support from the babel system
Package babel Info: \l@british = using hyphenrules for english
(babel)             (\language0) on input line 82.
Package babel Info: \l@UKenglish = using hyphenrules for english
(babel)             (\language0) on input line 83.
Package babel Info: \l@canadian = using hyphenrules for english
(babel)             (\language0) on input line 102.
Package babel Info: \l@australian = using hyphenrules for english
(babel)             (\language0) on input line 105.
Package babel Info: \l@newzealand = using hyphenrules for english
(babel)             (\language0) on input line 108.
))
(/Users/jannis/Library/TinyTeX/texmf-dist/tex/generic/babel-english/american.ld
f
Language: american 2017/06/06 v3.3r English support from the babel system

(/Users/jannis/Library/TinyTeX/texmf-dist/tex/generic/babel-english/english.ldf
Language: english 2017/06/06 v3.3r English support from the babel system
)))
\cslhangindent=\skip95
\csllabelwidth=\skip96
\c@NumberOfAuthors=\count331
\c@NumberOfSuperscripts=\count332

Class apa7 Warning: Deprecated: see documentation for \authorsaffiliations on i
nput line 196.

\c@NumberOfAffiliations=\count333
Package csquotes Info: Checking for multilingual support...
Package csquotes Info: ... found 'babel' package.
Package csquotes Info: Adjusting default style.
Package csquotes Info: Redefining alias 'default' -> 'american'.

(/Users/jannis/Library/TinyTeX/texmf-dist/tex/latex/l3backend/l3backend-pdftex.
def
File: l3backend-pdftex.def 2020-09-24 L3 backend support: PDF output (pdfTeX)
\l__kernel_color_stack_int=\count334
\l__pdf_internal_box=\box69
) (./ReviewAnalysisAPA.aux)
\openout1 = `ReviewAnalysisAPA.aux'.

LaTeX Font Info:    Checking defaults for OML/cmm/m/it on input line 204.
LaTeX Font Info:    ... okay on input line 204.
LaTeX Font Info:    Checking defaults for OMS/cmsy/m/n on input line 204.
LaTeX Font Info:    ... okay on input line 204.
LaTeX Font Info:    Checking defaults for OT1/cmr/m/n on input line 204.
LaTeX Font Info:    ... okay on input line 204.
LaTeX Font Info:    Checking defaults for T1/cmr/m/n on input line 204.
LaTeX Font Info:    ... okay on input line 204.
LaTeX Font Info:    Checking defaults for TS1/cmr/m/n on input line 204.
LaTeX Font Info:    ... okay on input line 204.
LaTeX Font Info:    Checking defaults for OMX/cmex/m/n on input line 204.
LaTeX Font Info:    ... okay on input line 204.
LaTeX Font Info:    Checking defaults for U/cmr/m/n on input line 204.
LaTeX Font Info:    ... okay on input line 204.
LaTeX Font Info:    Checking defaults for PD1/pdf/m/n on input line 204.
LaTeX Font Info:    ... okay on input line 204.
LaTeX Font Info:    Checking defaults for PU/pdf/m/n on input line 204.
LaTeX Font Info:    ... okay on input line 204.
*geometry* driver: auto-detecting
*geometry* detected driver: pdftex
*geometry* verbose mode - [ preamble ] result:
* driver: pdftex
* paper: <default>
* layout: <same size as paper>
* layoutoffset:(h,v)=(0.0pt,0.0pt)
* modes: twoside 
* h-part:(L,W,R)=(72.26999pt, 469.75502pt, 72.26999pt)
* v-part:(T,H,B)=(72.26999pt, 650.43001pt, 72.26999pt)
* \paperwidth=614.295pt
* \paperheight=794.96999pt
* \textwidth=469.75502pt
* \textheight=650.43001pt
* \oddsidemargin=0.0pt
* \evensidemargin=0.0pt
* \topmargin=-37.0pt
* \headheight=15.2pt
* \headsep=25.0pt
* \topskip=12.0pt
* \footskip=30.0pt
* \marginparwidth=95.0pt
* \marginparsep=10.0pt
* \columnsep=10.0pt
* \skip\footins=10.8pt plus 4.0pt minus 2.0pt
* \hoffset=0.0pt
* \voffset=0.0pt
* \mag=1000
* \@twocolumnfalse
* \@twosidetrue
* \@mparswitchtrue
* \@reversemarginfalse
* (1in=72.27pt=25.4mm, 1cm=28.453pt)


(/Users/jannis/Library/TinyTeX/texmf-dist/tex/latex/epstopdf-pkg/epstopdf-base.
sty
Package: epstopdf-base 2020-01-24 v2.11 Base part for package epstopdf
(/Users/jannis/Library/TinyTeX/texmf-dist/tex/latex/grfext/grfext.sty
Package: grfext 2019/12/03 v1.3 Manage graphics extensions (HO)
)
Package epstopdf-base Info: Redefining graphics rule for `.eps' on input line 4
85.
Package grfext Info: Graphics extension search list:
(grfext)             [.pdf,.png,.jpg,.mps,.jpeg,.jbig2,.jb2,.PDF,.PNG,.JPG,.JPE
G,.JBIG2,.JB2,.eps]
(grfext)             \AppendGraphicsExtensions on input line 504.

(/Users/jannis/Library/TinyTeX/texmf-dist/tex/latex/latexconfig/epstopdf-sys.cf
g
File: epstopdf-sys.cfg 2010/07/13 v1.3 Configuration of (r)epstopdf for TeX Liv
e
))
Package hyperref Info: Link coloring OFF on input line 204.
(/Users/jannis/Library/TinyTeX/texmf-dist/tex/latex/hyperref/nameref.sty
Package: nameref 2019/09/16 v2.46 Cross-referencing by name of section
(/Users/jannis/Library/TinyTeX/texmf-dist/tex/latex/refcount/refcount.sty
Package: refcount 2019/12/15 v3.6 Data extraction from label references (HO)
)
(/Users/jannis/Library/TinyTeX/texmf-dist/tex/generic/gettitlestring/gettitlest
ring.sty
Package: gettitlestring 2019/12/15 v1.6 Cleanup title references (HO)
)
\c@section@level=\count335
)
LaTeX Info: Redefining \ref on input line 204.
LaTeX Info: Redefining \pageref on input line 204.
LaTeX Info: Redefining \nameref on input line 204.
(./ReviewAnalysisAPA.out) (./ReviewAnalysisAPA.out)
\@outlinefile=\write6
\openout6 = `ReviewAnalysisAPA.out'.


(/Users/jannis/Library/TinyTeX/texmf-dist/tex/latex/apa7/config/APA7american.tx
t
File: APA7american.txt 2020/12/02 v1.02 apa7 configuration for American English

)
Package caption Info: Begin \AtBeginDocument code.
Package caption Info: longtable package is loaded.
(/Users/jannis/Library/TinyTeX/texmf-dist/tex/latex/caption/ltcaption.sty
Package: ltcaption 2020/05/30 v1.4b longtable captions (AR)
)
Package caption Info: End \AtBeginDocument code.
LaTeX Font Info:    Trying to load font information for OT1+lmr on input line 2
05.
(/Users/jannis/Library/TinyTeX/texmf-dist/tex/latex/lm/ot1lmr.fd
File: ot1lmr.fd 2009/10/30 v1.6 Font defs for Latin Modern
)
LaTeX Font Info:    Trying to load font information for OML+lmm on input line 2
05.
(/Users/jannis/Library/TinyTeX/texmf-dist/tex/latex/lm/omllmm.fd
File: omllmm.fd 2009/10/30 v1.6 Font defs for Latin Modern
)
LaTeX Font Info:    Trying to load font information for OMS+lmsy on input line 
205.
(/Users/jannis/Library/TinyTeX/texmf-dist/tex/latex/lm/omslmsy.fd
File: omslmsy.fd 2009/10/30 v1.6 Font defs for Latin Modern
)
LaTeX Font Info:    Trying to load font information for OMX+lmex on input line 
205.
(/Users/jannis/Library/TinyTeX/texmf-dist/tex/latex/lm/omxlmex.fd
File: omxlmex.fd 2009/10/30 v1.6 Font defs for Latin Modern
)
LaTeX Font Info:    External font `lmex10' loaded for size
(Font)              <12> on input line 205.
LaTeX Font Info:    External font `lmex10' loaded for size
(Font)              <8> on input line 205.
LaTeX Font Info:    External font `lmex10' loaded for size
(Font)              <6> on input line 205.
LaTeX Font Info:    Trying to load font information for U+msa on input line 205
.
(/Users/jannis/Library/TinyTeX/texmf-dist/tex/latex/amsfonts/umsa.fd
File: umsa.fd 2013/01/14 v3.01 AMS symbols A
)
LaTeX Font Info:    Trying to load font information for U+msb on input line 205
.
(/Users/jannis/Library/TinyTeX/texmf-dist/tex/latex/amsfonts/umsb.fd
File: umsb.fd 2013/01/14 v3.01 AMS symbols B
) [1{/Users/jannis/Library/TinyTeX/texmf-var/fonts/map/pdftex/updmap/pdftex.map
}

] [2]
\openout4 = `ReviewAnalysisAPA.ttt'.

(ReviewAnalysisAPA.ttt) [3]
\openout5 = `ReviewAnalysisAPA.fff'.

(ReviewAnalysisAPA.fff)

LaTeX Warning: Reference `fig:dimensionNetwork' on page 4 undefined on input li
ne 310.

[4] [5] [6] [7] [8] [9] [10] [11] AED endfloat: Processing end Figures and Tabl
es [12] (./ReviewAnalysisAPA.ttt [13


]
Overfull \hbox (18.4204pt too wide) in paragraph at lines 34--34
[]|\T1/lmr/m/n/12 Dimension|  
 []


Overfull \hbox (18.4204pt too wide) in paragraph at lines 38--38
[]|\T1/lmr/m/n/12 Dimension|  
 []


Overfull \hbox (9.86816pt too wide) in paragraph at lines 42--42
[]|\T1/lmr/m/n/12 Behavior|  
 []


Overfull \hbox (14.60301pt too wide) in paragraph at lines 43--43
[]|\T1/lmr/m/n/12 Cognition|  
 []

) [14

] (./ReviewAnalysisAPA.fff
<Figures/HistTime-1.pdf, id=272, 469.755pt x 325.215pt>
File: Figures/HistTime-1.pdf Graphic file (type pdf)
<use Figures/HistTime-1.pdf>
Package pdftex.def Info: Figures/HistTime-1.pdf  used on input line 4.
(pdftex.def)             Requested size: 469.75386pt x 325.2142pt.
[15

 <./Figures/HistTime-1.pdf>]
<Figures/SampleFreq-1.pdf, id=284, 469.755pt x 325.215pt>
File: Figures/SampleFreq-1.pdf Graphic file (type pdf)
<use Figures/SampleFreq-1.pdf>
Package pdftex.def Info: Figures/SampleFreq-1.pdf  used on input line 11.
(pdftex.def)             Requested size: 469.75386pt x 325.2142pt.
[16

 <./Figures/SampleFreq-1.pdf>]
<Figures/ABCDFreq-1.pdf, id=295, 469.755pt x 325.215pt>
File: Figures/ABCDFreq-1.pdf Graphic file (type pdf)
<use Figures/ABCDFreq-1.pdf>
Package pdftex.def Info: Figures/ABCDFreq-1.pdf  used on input line 18.
(pdftex.def)             Requested size: 469.75386pt x 325.2142pt.
[17

 <./Figures/ABCDFreq-1.pdf>]
<Figures/ABCDCombFreq-1.pdf, id=306, 469.755pt x 325.215pt>
File: Figures/ABCDCombFreq-1.pdf Graphic file (type pdf)
<use Figures/ABCDCombFreq-1.pdf>
Package pdftex.def Info: Figures/ABCDCombFreq-1.pdf  used on input line 25.
(pdftex.def)             Requested size: 469.75386pt x 325.2142pt.
) [18

 <./Figures/ABCDCombFreq-1.pdf>] (./ReviewAnalysisAPA.aux)

LaTeX Warning: There were undefined references.

Package rerunfilecheck Info: File `ReviewAnalysisAPA.out' has not changed.
(rerunfilecheck)             Checksum: 4442F8B6BB421C60159B32A2F88994E3;1770.
 ) 
Here is how much of TeX's memory you used:
 25179 strings out of 481271
 449939 string characters out of 5915441
 743132 words of memory out of 5000000
 41466 multiletter control sequences out of 15000+600000
 448149 words of font info for 62 fonts, out of 8000000 for 9000
 14 hyphenation exceptions out of 8191
 97i,12n,94p,3431b,692s stack positions out of 5000i,500n,10000p,200000b,80000s
{/Users/jannis/Library/TinyTeX/texmf-dist/fonts/enc/dvips/lm/lm-ec.enc}</User
s/jannis/Library/TinyTeX/texmf-dist/fonts/type1/public/lm/lmbx12.pfb></Users/ja
nnis/Library/TinyTeX/texmf-dist/fonts/type1/public/lm/lmbxi10.pfb></Users/janni
s/Library/TinyTeX/texmf-dist/fonts/type1/public/lm/lmr12.pfb></Users/jannis/Lib
rary/TinyTeX/texmf-dist/fonts/type1/public/lm/lmr8.pfb></Users/jannis/Library/T
inyTeX/texmf-dist/fonts/type1/public/lm/lmri12.pfb>
Output written on ReviewAnalysisAPA.pdf (18 pages, 169868 bytes).
PDF statistics:
 363 PDF objects out of 1000 (max. 8388607)
 326 compressed objects within 4 object streams
 112 named destinations out of 1000 (max. 500000)
 145 words of extra memory for PDF output out of 10000 (max. 10000000)

